<?xml version="1.0" encoding="UTF-8"?>
<!-- Generated by org.testng.reporters.JUnitReportReporter -->
<testsuite hostname="LAPTOP-3ML7PH3M" failures="0" tests="3" name="practice.CreateOrg" time="0.007" errors="0" timestamp="2022-01-18T12:57:39 IST" skipped="0">
  <testcase classname="practice.CreateOrg" name="product" time="0.001"/>
  <system-out/>
  <testcase classname="practice.CreateOrg" name="contact" time="0.005"/>
  <system-out/>
  <testcase classname="practice.CreateOrg" name="org" time="0.001"/>
  <system-out/>
</testsuite> <!-- practice.CreateOrg -->
