<?xml version="1.0" encoding="UTF-8"?>
<!-- Generated by org.testng.reporters.JUnitReportReporter -->
<testsuite hostname="LAPTOP-3ML7PH3M" failures="0" tests="1" name="OrganizationTestScripts.CheckEmailOptoutIsEnabledOrNotTest" time="17.523" errors="0" timestamp="2022-01-22T10:25:40 IST" skipped="0">
  <testcase classname="OrganizationTestScripts.CheckEmailOptoutIsEnabledOrNotTest" name="emailOptoutEnabledTest" time="17.523"/>
  <system-out/>
</testsuite> <!-- OrganizationTestScripts.CheckEmailOptoutIsEnabledOrNotTest -->
