<?xml version="1.0" encoding="UTF-8"?>
<!-- Generated by org.testng.reporters.JUnitReportReporter -->
<testsuite hostname="LAPTOP-3ML7PH3M" failures="0" tests="1" name="OrganizationTestScripts.CheckEmailOptoutIsEnabledOrNotTest" time="18.810" errors="0" timestamp="2022-01-18T17:10:03 IST" skipped="0">
  <testcase classname="OrganizationTestScripts.CheckEmailOptoutIsEnabledOrNotTest" name="emailEnabled" time="18.810"/>
  <system-out/>
</testsuite> <!-- OrganizationTestScripts.CheckEmailOptoutIsEnabledOrNotTest -->
